<?xml version="1.0" encoding="UTF-8"?>
<!-- Generated by org.testng.reporters.JUnitReportReporter -->
<testsuite hostname="Sangamesh123" failures="0" tests="3" name="others.DataProviderFromExcel" time="0.064" errors="0" timestamp="5 Aug 2022 08:00:41 GMT">
  <testcase classname="others.DataProviderFromExcel" name="getData" time="0.010"/>
  <testcase classname="others.DataProviderFromExcel" name="getData" time="0.008"/>
  <testcase classname="others.DataProviderFromExcel" name="getData" time="0.046"/>
</testsuite> <!-- others.DataProviderFromExcel -->
