<?xml version="1.0" encoding="UTF-8"?>
<!-- Generated by org.testng.reporters.JUnitReportReporter -->
<testsuite hostname="Sangamesh123" failures="0" tests="1" name="com.crm.Vtiger.Compaigns.CreatingCompaignsAddProductIntoCompaignstTest" time="126.476" errors="0" timestamp="12 Aug 2022 09:29:42 GMT">
  <testcase classname="com.crm.Vtiger.Compaigns.CreatingCompaignsAddProductIntoCompaignstTest" name="test" time="126.476"/>
</testsuite> <!-- com.crm.Vtiger.Compaigns.CreatingCompaignsAddProductIntoCompaignstTest -->
