<?xml version="1.0" encoding="UTF-8"?>
<!-- Generated by org.testng.reporters.JUnitReportReporter -->
<testsuite hostname="Sangamesh123" failures="0" tests="1" name="com.crm.Vtiger.Invoice.CreateInvoice" time="150.370" errors="0" timestamp="10 Aug 2022 05:32:49 GMT">
  <testcase classname="com.crm.Vtiger.Invoice.CreateInvoice" name="main" time="150.370"/>
</testsuite> <!-- com.crm.Vtiger.Invoice.CreateInvoice -->
