<?xml version="1.0" encoding="UTF-8"?>
<!-- Generated by org.testng.reporters.JUnitReportReporter -->
<testsuite hostname="Sangamesh123" failures="0" tests="3" name="others.DataProvider" time="0.065" errors="0" timestamp="5 Aug 2022 07:32:31 GMT">
  <testcase classname="others.DataProvider" name="getData" time="0.015"/>
  <testcase classname="others.DataProvider" name="getData" time="0.008"/>
  <testcase classname="others.DataProvider" name="getData" time="0.042"/>
</testsuite> <!-- others.DataProvider -->
