<?xml version="1.0" encoding="UTF-8"?>
<!-- Generated by org.testng.reporters.JUnitReportReporter -->
<testsuite hostname="Sangamesh123" failures="0" tests="1" name="com.crm.Vtiger.Assets.CreateAsstes" time="60.306" errors="0" timestamp="12 Aug 2022 09:29:42 GMT">
  <testcase classname="com.crm.Vtiger.Assets.CreateAsstes" name="main" time="60.306"/>
</testsuite> <!-- com.crm.Vtiger.Assets.CreateAsstes -->
